0 verbose cli /usr/local/bin/node /usr/local/lib/node_modules/npm/bin/npm-cli.js
1 info using npm@11.11.0
2 info using node@v24.14.1
3 silly config load:file:/usr/local/lib/node_modules/npm/npmrc
4 silly config load:file:/Users/mb/Desktop/OSINT/.npmrc
5 silly config load:file:/Users/mb/.npmrc
6 silly config load:file:/usr/local/etc/npmrc
7 verbose title npm exec create-vite@latest ./ --template react-ts
8 verbose argv "exec" "--yes" "--" "create-vite@latest" "./" "--template" "react-ts"
9 verbose logfile logs-max:10 dir:/Users/mb/Desktop/OSINT/.npm-cache/_logs/2026-04-12T10_54_25_788Z-
10 verbose logfile /Users/mb/Desktop/OSINT/.npm-cache/_logs/2026-04-12T10_54_25_788Z-debug-0.log
11 silly logfile done cleaning log files
12 silly packumentCache heap:2348810240 maxSize:587202560 maxEntrySize:293601280
13 http fetch GET 200 https://registry.npmjs.org/create-vite 62ms (cache miss)
14 silly packumentCache heap:2348810240 maxSize:587202560 maxEntrySize:293601280
15 http fetch GET 200 https://registry.npmjs.org/npm 90ms
16 silly packumentCache heap:2348810240 maxSize:587202560 maxEntrySize:293601280
17 silly idealTree buildDeps
18 silly fetch manifest create-vite@9.0.4
19 silly packumentCache full:https://registry.npmjs.org/create-vite cache-miss
20 http fetch GET 200 https://registry.npmjs.org/create-vite 315ms (cache miss)
21 silly packumentCache full:https://registry.npmjs.org/create-vite set size:undefined disposed:false
22 silly placeDep ROOT create-vite@9.0.4 OK for:  want: 9.0.4
23 silly reify moves {}
24 silly audit bulk request { 'create-vite': [ '9.0.4' ] }
25 http cache create-vite@https://registry.npmjs.org/create-vite/-/create-vite-9.0.4.tgz 0ms (cache hit)
26 silly tarball no local data for create-vite@https://registry.npmjs.org/create-vite/-/create-vite-9.0.4.tgz. Extracting by manifest.
27 http fetch GET 200 https://registry.npmjs.org/create-vite/-/create-vite-9.0.4.tgz 107ms (cache miss)
28 http fetch POST 200 https://registry.npmjs.org/-/npm/v1/security/advisories/bulk 301ms
29 silly audit report {}
