0 verbose cli /usr/local/bin/node /usr/local/bin/npm
1 info using npm@11.11.0
2 info using node@v24.14.1
3 silly config load:file:/usr/local/lib/node_modules/npm/npmrc
4 silly config load:file:/Users/mb/Desktop/OSINT/app/.npmrc
5 silly config load:file:/Users/mb/.npmrc
6 silly config load:file:/usr/local/etc/npmrc
7 verbose title npm install class-variance-authority
8 verbose argv "install" "class-variance-authority"
9 verbose logfile logs-max:10 dir:/Users/mb/Desktop/OSINT/.npm-cache/_logs/2026-04-12T11_30_06_177Z-
10 verbose logfile /Users/mb/Desktop/OSINT/.npm-cache/_logs/2026-04-12T11_30_06_177Z-debug-0.log
11 silly logfile done cleaning log files
12 silly packumentCache heap:2348810240 maxSize:587202560 maxEntrySize:293601280
13 verbose shrinkwrap failed to load node_modules/.package-lock.json out of date, updated: node_modules
14 silly idealTree buildDeps
15 silly fetch manifest class-variance-authority@^0.7.1
16 silly packumentCache full:https://registry.npmjs.org/class-variance-authority cache-miss
17 http fetch GET 200 https://registry.npmjs.org/class-variance-authority 852ms (cache revalidated)
18 silly packumentCache full:https://registry.npmjs.org/class-variance-authority set size:96388 disposed:false
19 silly placeDep ROOT class-variance-authority@0.7.1 REPLACE for: app@0.0.0 want: ^0.7.1
20 silly reify moves {}
21 silly audit bulk request {
21 silly audit   '@babel/code-frame': [ '7.29.0' ],
21 silly audit   '@babel/compat-data': [ '7.29.0' ],
21 silly audit   '@babel/core': [ '7.29.0' ],
21 silly audit   '@babel/generator': [ '7.29.1' ],
21 silly audit   '@babel/helper-compilation-targets': [ '7.28.6' ],
21 silly audit   '@babel/helper-globals': [ '7.28.0' ],
21 silly audit   '@babel/helper-module-imports': [ '7.28.6' ],
21 silly audit   '@babel/helper-module-transforms': [ '7.28.6' ],
21 silly audit   '@babel/helper-string-parser': [ '7.27.1' ],
21 silly audit   '@babel/helper-validator-identifier': [ '7.28.5' ],
21 silly audit   '@babel/helper-validator-option': [ '7.27.1' ],
21 silly audit   '@babel/helpers': [ '7.29.2' ],
21 silly audit   '@babel/parser': [ '7.29.2' ],
21 silly audit   '@babel/template': [ '7.28.6' ],
21 silly audit   '@babel/traverse': [ '7.29.0' ],
21 silly audit   '@babel/types': [ '7.29.0' ],
21 silly audit   '@emnapi/core': [ '1.9.2' ],
21 silly audit   '@emnapi/runtime': [ '1.9.2' ],
21 silly audit   '@emnapi/wasi-threads': [ '1.2.1' ],
21 silly audit   '@eslint-community/eslint-utils': [ '4.9.1' ],
21 silly audit   'eslint-visitor-keys': [ '3.4.3', '5.0.1', '4.2.1' ],
21 silly audit   '@eslint-community/regexpp': [ '4.12.2' ],
21 silly audit   '@eslint/config-array': [ '0.21.2' ],
21 silly audit   '@eslint/config-helpers': [ '0.4.2' ],
21 silly audit   '@eslint/core': [ '0.17.0' ],
21 silly audit   '@eslint/eslintrc': [ '3.3.5' ],
21 silly audit   globals: [ '14.0.0', '17.5.0' ],
21 silly audit   '@eslint/js': [ '9.39.4' ],
21 silly audit   '@eslint/object-schema': [ '2.1.7' ],
21 silly audit   '@eslint/plugin-kit': [ '0.4.1' ],
21 silly audit   '@floating-ui/core': [ '1.7.5' ],
21 silly audit   '@floating-ui/dom': [ '1.7.6' ],
21 silly audit   '@floating-ui/react-dom': [ '2.1.8' ],
21 silly audit   '@floating-ui/utils': [ '0.2.11' ],
21 silly audit   '@humanfs/core': [ '0.19.1' ],
21 silly audit   '@humanfs/node': [ '0.16.7' ],
21 silly audit   '@humanwhocodes/module-importer': [ '1.0.1' ],
21 silly audit   '@humanwhocodes/retry': [ '0.4.3' ],
21 silly audit   '@jridgewell/gen-mapping': [ '0.3.13' ],
21 silly audit   '@jridgewell/remapping': [ '2.3.5' ],
21 silly audit   '@jridgewell/resolve-uri': [ '3.1.2' ],
21 silly audit   '@jridgewell/sourcemap-codec': [ '1.5.5' ],
21 silly audit   '@jridgewell/trace-mapping': [ '0.3.31' ],
21 silly audit   '@napi-rs/wasm-runtime': [ '1.1.3' ],
21 silly audit   '@oxc-project/types': [ '0.124.0' ],
21 silly audit   '@radix-ui/number': [ '1.1.1' ],
21 silly audit   '@radix-ui/primitive': [ '1.1.3' ],
21 silly audit   '@radix-ui/react-arrow': [ '1.1.7' ],
21 silly audit   '@radix-ui/react-collection': [ '1.1.7' ],
21 silly audit   '@radix-ui/react-slot': [ '1.2.3', '1.2.4' ],
21 silly audit   '@radix-ui/react-compose-refs': [ '1.1.2' ],
21 silly audit   '@radix-ui/react-context': [ '1.1.2' ],
21 silly audit   '@radix-ui/react-dialog': [ '1.1.15' ],
21 silly audit   '@radix-ui/react-direction': [ '1.1.1' ],
21 silly audit   '@radix-ui/react-dismissable-layer': [ '1.1.11' ],
21 silly audit   '@radix-ui/react-dropdown-menu': [ '2.1.16' ],
21 silly audit   '@radix-ui/react-focus-guards': [ '1.1.3' ],
21 silly audit   '@radix-ui/react-focus-scope': [ '1.1.7' ],
21 silly audit   '@radix-ui/react-id': [ '1.1.1' ],
21 silly audit   '@radix-ui/react-menu': [ '2.1.16' ],
21 silly audit   '@radix-ui/react-popper': [ '1.2.8' ],
21 silly audit   '@radix-ui/react-portal': [ '1.1.9' ],
21 silly audit   '@radix-ui/react-presence': [ '1.1.5' ],
21 silly audit   '@radix-ui/react-primitive': [ '2.1.3' ],
21 silly audit   '@radix-ui/react-roving-focus': [ '1.1.11' ],
21 silly audit   '@radix-ui/react-scroll-area': [ '1.2.10' ],
21 silly audit   '@radix-ui/react-select': [ '2.2.6' ],
21 silly audit   '@radix-ui/react-tabs': [ '1.1.13' ],
21 silly audit   '@radix-ui/react-tooltip': [ '1.2.8' ],
21 silly audit   '@radix-ui/react-use-callback-ref': [ '1.1.1' ],
21 silly audit   '@radix-ui/react-use-controllable-state': [ '1.2.2' ],
21 silly audit   '@radix-ui/react-use-effect-event': [ '0.0.2' ],
21 silly audit   '@radix-ui/react-use-escape-keydown': [ '1.1.1' ],
21 silly audit   '@radix-ui/react-use-layout-effect': [ '1.1.1' ],
21 silly audit   '@radix-ui/react-use-previous': [ '1.1.1' ],
21 silly audit   '@radix-ui/react-use-rect': [ '1.1.1' ],
21 silly audit   '@radix-ui/react-use-size': [ '1.1.1' ],
21 silly audit   '@radix-ui/react-visually-hidden': [ '1.2.3' ],
21 silly audit   '@radix-ui/rect': [ '1.1.1' ],
21 silly audit   '@reduxjs/toolkit': [ '2.11.2' ],
21 silly audit   immer: [ '11.1.4', '10.2.0' ],
21 silly audit   '@rolldown/binding-android-arm64': [ '1.0.0-rc.15' ],
21 silly audit   '@rolldown/binding-darwin-arm64': [ '1.0.0-rc.15' ],
21 silly audit   '@rolldown/binding-darwin-x64': [ '1.0.0-rc.15' ],
21 silly audit   '@rolldown/binding-freebsd-x64': [ '1.0.0-rc.15' ],
21 silly audit   '@rolldown/binding-linux-arm-gnueabihf': [ '1.0.0-rc.15' ],
21 silly audit   '@rolldown/binding-linux-arm64-gnu': [ '1.0.0-rc.15' ],
21 silly audit   '@rolldown/binding-linux-arm64-musl': [ '1.0.0-rc.15' ],
21 silly audit   '@rolldown/binding-linux-ppc64-gnu': [ '1.0.0-rc.15' ],
21 silly audit   '@rolldown/binding-linux-s390x-gnu': [ '1.0.0-rc.15' ],
21 silly audit   '@rolldown/binding-linux-x64-gnu': [ '1.0.0-rc.15' ],
21 silly audit   '@rolldown/binding-linux-x64-musl': [ '1.0.0-rc.15' ],
21 silly audit   '@rolldown/binding-openharmony-arm64': [ '1.0.0-rc.15' ],
21 silly audit   '@rolldown/binding-wasm32-wasi': [ '1.0.0-rc.15' ],
21 silly audit   '@rolldown/binding-win32-arm64-msvc': [ '1.0.0-rc.15' ],
21 silly audit   '@rolldown/binding-win32-x64-msvc': [ '1.0.0-rc.15' ],
21 silly audit   '@rolldown/pluginutils': [ '1.0.0-rc.7', '1.0.0-rc.15' ],
21 silly audit   '@standard-schema/spec': [ '1.1.0' ],
21 silly audit   '@standard-schema/utils': [ '0.3.0' ],
21 silly audit   '@tailwindcss/node': [ '4.2.2' ],
21 silly audit   '@tailwindcss/oxide': [ '4.2.2' ],
21 silly audit   '@tailwindcss/oxide-android-arm64': [ '4.2.2' ],
21 silly audit   '@tailwindcss/oxide-darwin-arm64': [ '4.2.2' ],
21 silly audit   '@tailwindcss/oxide-darwin-x64': [ '4.2.2' ],
21 silly audit   '@tailwindcss/oxide-freebsd-x64': [ '4.2.2' ],
21 silly audit   '@tailwindcss/oxide-linux-arm-gnueabihf': [ '4.2.2' ],
21 silly audit   '@tailwindcss/oxide-linux-arm64-gnu': [ '4.2.2' ],
21 silly audit   '@tailwindcss/oxide-linux-arm64-musl': [ '4.2.2' ],
21 silly audit   '@tailwindcss/oxide-linux-x64-gnu': [ '4.2.2' ],
21 silly audit   '@tailwindcss/oxide-linux-x64-musl': [ '4.2.2' ],
21 silly audit   '@tailwindcss/oxide-wasm32-wasi': [ '4.2.2' ],
21 silly audit   '@tailwindcss/oxide-win32-arm64-msvc': [ '4.2.2' ],
21 silly audit   '@tailwindcss/oxide-win32-x64-msvc': [ '4.2.2' ],
21 silly audit   '@tailwindcss/vite': [ '4.2.2' ],
21 silly audit   '@tanstack/query-core': [ '5.99.0' ],
21 silly audit   '@tanstack/react-query': [ '5.99.0' ],
21 silly audit   '@tanstack/react-table': [ '8.21.3' ],
21 silly audit   '@tanstack/table-core': [ '8.21.3' ],
21 silly audit   '@tybys/wasm-util': [ '0.10.1' ],
21 silly audit   '@types/d3-array': [ '3.2.2' ],
21 silly audit   '@types/d3-color': [ '3.1.3' ],
21 silly audit   '@types/d3-ease': [ '3.0.2' ],
21 silly audit   '@types/d3-interpolate': [ '3.0.4' ],
21 silly audit   '@types/d3-path': [ '3.1.1' ],
21 silly audit   '@types/d3-scale': [ '4.0.9' ],
21 silly audit   '@types/d3-shape': [ '3.1.8' ],
21 silly audit   '@types/d3-time': [ '3.0.4' ],
21 silly audit   '@types/d3-timer': [ '3.0.2' ],
21 silly audit   '@types/estree': [ '1.0.8' ],
21 silly audit   '@types/geojson': [ '7946.0.16' ],
21 silly audit   '@types/json-schema': [ '7.0.15' ],
21 silly audit   '@types/leaflet': [ '1.9.21' ],
21 silly audit   '@types/node': [ '24.12.2' ],
21 silly audit   '@types/react': [ '19.2.14' ],
21 silly audit   '@types/react-dom': [ '19.2.3' ],
21 silly audit   '@types/use-sync-external-store': [ '0.0.6' ],
21 silly audit   '@typescript-eslint/eslint-plugin': [ '8.58.1' ],
21 silly audit   ignore: [ '7.0.5', '5.3.2' ],
21 silly audit   '@typescript-eslint/parser': [ '8.58.1' ],
21 silly audit   '@typescript-eslint/project-service': [ '8.58.1' ],
21 silly audit   '@typescript-eslint/scope-manager': [ '8.58.1' ],
21 silly audit   '@typescript-eslint/tsconfig-utils': [ '8.58.1' ],
21 silly audit   '@typescript-eslint/type-utils': [ '8.58.1' ],
21 silly audit   '@typescript-eslint/types': [ '8.58.1' ],
21 silly audit   '@typescript-eslint/typescript-estree': [ '8.58.1' ],
21 silly audit   'balanced-match': [ '4.0.4', '1.0.2' ],
21 silly audit   'brace-expansion': [ '5.0.5', '1.1.14' ],
21 silly audit   minimatch: [ '10.2.5', '3.1.5' ],
21 silly audit   semver: [ '7.7.4', '6.3.1' ],
21 silly audit   '@typescript-eslint/utils': [ '8.58.1' ],
21 silly audit   '@typescript-eslint/visitor-keys': [ '8.58.1' ],
21 silly audit   '@vitejs/plugin-react': [ '6.0.1' ],
21 silly audit   acorn: [ '8.16.0' ],
21 silly audit   'acorn-jsx': [ '5.3.2' ],
21 silly audit   ajv: [ '6.14.0' ],
21 silly audit   'ansi-styles': [ '4.3.0' ],
21 silly audit   argparse: [ '2.0.1' ],
21 silly audit   'aria-hidden': [ '1.2.6' ],
21 silly audit   'baseline-browser-mapping': [ '2.10.18' ],
21 silly audit   browserslist: [ '4.28.2' ],
21 silly audit   callsites: [ '3.1.0' ],
21 silly audit   'caniuse-lite': [ '1.0.30001787' ],
21 silly audit   chalk: [ '4.1.2' ],
21 silly audit   clsx: [ '2.1.1' ],
21 silly audit   'color-convert': [ '2.0.1' ],
21 silly audit   'color-name': [ '1.1.4' ],
21 silly audit   'concat-map': [ '0.0.1' ],
21 silly audit   'convert-source-map': [ '2.0.0' ],
21 silly audit   cookie: [ '1.1.1' ],
21 silly audit   'cross-spawn': [ '7.0.6' ],
21 silly audit   csstype: [ '3.2.3' ],
21 silly audit   'd3-array': [ '3.2.4' ],
21 silly audit   'd3-color': [ '3.1.0' ],
21 silly audit   'd3-ease': [ '3.0.1' ],
21 silly audit   'd3-format': [ '3.1.2' ],
21 silly audit   'd3-interpolate': [ '3.0.1' ],
21 silly audit   'd3-path': [ '3.1.0' ],
21 silly audit   'd3-scale': [ '4.0.2' ],
21 silly audit   'd3-shape': [ '3.2.0' ],
21 silly audit   'd3-time': [ '3.1.0' ],
21 silly audit   'd3-time-format': [ '4.1.0' ],
21 silly audit   'd3-timer': [ '3.0.1' ],
21 silly audit   debug: [ '4.4.3' ],
21 silly audit   'decimal.js-light': [ '2.5.1' ],
21 silly audit   'deep-is': [ '0.1.4' ],
21 silly audit   'detect-libc': [ '2.1.2' ],
21 silly audit   'detect-node-es': [ '1.1.0' ],
21 silly audit   'electron-to-chromium': [ '1.5.335' ],
21 silly audit   'enhanced-resolve': [ '5.20.1' ],
21 silly audit   'es-toolkit': [ '1.45.1' ],
21 silly audit   escalade: [ '3.2.0' ],
21 silly audit   'escape-string-regexp': [ '4.0.0' ],
21 silly audit   eslint: [ '9.39.4' ],
21 silly audit   'eslint-plugin-react-hooks': [ '7.0.1' ],
21 silly audit   'eslint-plugin-react-refresh': [ '0.5.2' ],
21 silly audit   'eslint-scope': [ '8.4.0' ],
21 silly audit   espree: [ '10.4.0' ],
21 silly audit   esquery: [ '1.7.0' ],
21 silly audit   esrecurse: [ '4.3.0' ],
21 silly audit   estraverse: [ '5.3.0' ],
21 silly audit   esutils: [ '2.0.3' ],
21 silly audit   eventemitter3: [ '5.0.4' ],
21 silly audit   'fast-deep-equal': [ '3.1.3' ],
21 silly audit   'fast-json-stable-stringify': [ '2.1.0' ],
21 silly audit   'fast-levenshtein': [ '2.0.6' ],
21 silly audit   fdir: [ '6.5.0' ],
21 silly audit   'file-entry-cache': [ '8.0.0' ],
21 silly audit   'find-up': [ '5.0.0' ],
21 silly audit   'flat-cache': [ '4.0.1' ],
21 silly audit   flatted: [ '3.4.2' ],
21 silly audit   'framer-motion': [ '12.38.0' ],
21 silly audit   fsevents: [ '2.3.3' ],
21 silly audit   gensync: [ '1.0.0-beta.2' ],
21 silly audit   'get-nonce': [ '1.0.1' ],
21 silly audit   'glob-parent': [ '6.0.2' ],
21 silly audit   'graceful-fs': [ '4.2.11' ],
21 silly audit   'has-flag': [ '4.0.0' ],
21 silly audit   'hermes-estree': [ '0.25.1' ],
21 silly audit   'hermes-parser': [ '0.25.1' ],
21 silly audit   'import-fresh': [ '3.3.1' ],
21 silly audit   imurmurhash: [ '0.1.4' ],
21 silly audit   internmap: [ '2.0.3' ],
21 silly audit   'is-extglob': [ '2.1.1' ],
21 silly audit   'is-glob': [ '4.0.3' ],
21 silly audit   isexe: [ '2.0.0' ],
21 silly audit   jiti: [ '2.6.1' ],
21 silly audit   'js-tokens': [ '4.0.0' ],
21 silly audit   'js-yaml': [ '4.1.1' ],
21 silly audit   jsesc: [ '3.1.0' ],
21 silly audit   'json-buffer': [ '3.0.1' ],
21 silly audit   'json-schema-traverse': [ '0.4.1' ],
21 silly audit   'json-stable-stringify-without-jsonify': [ '1.0.1' ],
21 silly audit   json5: [ '2.2.3' ],
21 silly audit   keyv: [ '4.5.4' ],
21 silly audit   leaflet: [ '1.9.4' ],
21 silly audit   levn: [ '0.4.1' ],
21 silly audit   lightningcss: [ '1.32.0' ],
21 silly audit   'lightningcss-android-arm64': [ '1.32.0' ],
21 silly audit   'lightningcss-darwin-arm64': [ '1.32.0' ],
21 silly audit   'lightningcss-darwin-x64': [ '1.32.0' ],
21 silly audit   'lightningcss-freebsd-x64': [ '1.32.0' ],
21 silly audit   'lightningcss-linux-arm-gnueabihf': [ '1.32.0' ],
21 silly audit   'lightningcss-linux-arm64-gnu': [ '1.32.0' ],
21 silly audit   'lightningcss-linux-arm64-musl': [ '1.32.0' ],
21 silly audit   'lightningcss-linux-x64-gnu': [ '1.32.0' ],
21 silly audit   'lightningcss-linux-x64-musl': [ '1.32.0' ],
21 silly audit   'lightningcss-win32-arm64-msvc': [ '1.32.0' ],
21 silly audit   'lightningcss-win32-x64-msvc': [ '1.32.0' ],
21 silly audit   'locate-path': [ '6.0.0' ],
21 silly audit   'lodash.merge': [ '4.6.2' ],
21 silly audit   'lru-cache': [ '5.1.1' ],
21 silly audit   'lucide-react': [ '1.8.0' ],
21 silly audit   'magic-string': [ '0.30.21' ],
21 silly audit   motion: [ '12.38.0' ],
21 silly audit   'motion-dom': [ '12.38.0' ],
21 silly audit   'motion-utils': [ '12.36.0' ],
21 silly audit   ms: [ '2.1.3' ],
21 silly audit   nanoid: [ '3.3.11' ],
21 silly audit   'natural-compare': [ '1.4.0' ],
21 silly audit   'node-releases': [ '2.0.37' ],
21 silly audit   optionator: [ '0.9.4' ],
21 silly audit   'p-limit': [ '3.1.0' ],
21 silly audit   'p-locate': [ '5.0.0' ],
21 silly audit   'parent-module': [ '1.0.1' ],
21 silly audit   'path-exists': [ '4.0.0' ],
21 silly audit   'path-key': [ '3.1.1' ],
21 silly audit   picocolors: [ '1.1.1' ],
21 silly audit   picomatch: [ '4.0.4' ],
21 silly audit   postcss: [ '8.5.9' ],
21 silly audit   'prelude-ls': [ '1.2.1' ],
21 silly audit   punycode: [ '2.3.1' ],
21 silly audit   react: [ '19.2.5' ],
21 silly audit   'react-dom': [ '19.2.5' ],
21 silly audit   'react-is': [ '19.2.5' ],
21 silly audit   'react-redux': [ '9.2.0' ],
21 silly audit   'react-remove-scroll': [ '2.7.2' ],
21 silly audit   'react-remove-scroll-bar': [ '2.3.8' ],
21 silly audit   'react-router': [ '7.14.0' ],
21 silly audit   'react-router-dom': [ '7.14.0' ],
21 silly audit   'react-style-singleton': [ '2.2.3' ],
21 silly audit   recharts: [ '3.8.1' ],
21 silly audit   redux: [ '5.0.1' ],
21 silly audit   'redux-thunk': [ '3.1.0' ],
21 silly audit   reselect: [ '5.1.1' ],
21 silly audit   'resolve-from': [ '4.0.0' ],
21 silly audit   rolldown: [ '1.0.0-rc.15' ],
21 silly audit   scheduler: [ '0.27.0' ],
21 silly audit   'set-cookie-parser': [ '2.7.2' ],
21 silly audit   'shebang-command': [ '2.0.0' ],
21 silly audit   'shebang-regex': [ '3.0.0' ],
21 silly audit   'source-map-js': [ '1.2.1' ],
21 silly audit   'strip-json-comments': [ '3.1.1' ],
21 silly audit   'supports-color': [ '7.2.0' ],
21 silly audit   'tailwind-merge': [ '3.5.0' ],
21 silly audit   tailwindcss: [ '4.2.2' ],
21 silly audit   tapable: [ '2.3.2' ],
21 silly audit   'tiny-invariant': [ '1.3.3' ],
21 silly audit   tinyglobby: [ '0.2.16' ],
21 silly audit   'ts-api-utils': [ '2.5.0' ],
21 silly audit   tslib: [ '2.8.1' ],
21 silly audit   'type-check': [ '0.4.0' ],
21 silly audit   typescript: [ '6.0.2' ],
21 silly audit   'typescript-eslint': [ '8.58.1' ],
21 silly audit   'undici-types': [ '7.16.0' ],
21 silly audit   'update-browserslist-db': [ '1.2.3' ],
21 silly audit   'uri-js': [ '4.4.1' ],
21 silly audit   'use-callback-ref': [ '1.3.3' ],
21 silly audit   'use-sidecar': [ '1.1.3' ],
21 silly audit   'use-sync-external-store': [ '1.6.0' ],
21 silly audit   'victory-vendor': [ '37.3.6' ],
21 silly audit   vite: [ '8.0.8' ],
21 silly audit   which: [ '2.0.2' ],
21 silly audit   'word-wrap': [ '1.2.5' ],
21 silly audit   yallist: [ '3.1.1' ],
21 silly audit   'yocto-queue': [ '0.1.0' ],
21 silly audit   zod: [ '4.3.6' ],
21 silly audit   'zod-validation-error': [ '4.0.2' ],
21 silly audit   zustand: [ '5.0.12' ],
21 silly audit   'class-variance-authority': [ '0.7.1' ]
21 silly audit }
22 http fetch POST 200 https://registry.npmjs.org/-/npm/v1/security/advisories/bulk 454ms
23 silly audit report {}
24 verbose cwd /Users/mb/Desktop/OSINT/app
25 verbose os Darwin 25.5.0
26 verbose node v24.14.1
27 verbose npm  v11.11.0
28 verbose exit 0
29 info ok
