0 verbose cli /usr/local/bin/node /usr/local/lib/node_modules/npm/bin/npm-cli.js
1 info using npm@11.11.0
2 info using node@v24.14.1
3 silly config load:file:/usr/local/lib/node_modules/npm/npmrc
4 silly config load:file:/Users/mb/Desktop/OSINT/.npmrc
5 silly config load:file:/Users/mb/.npmrc
6 silly config load:file:/usr/local/etc/npmrc
7 verbose title npm exec create-vite@latest app --template react-ts --no-interactive
8 verbose argv "exec" "--yes" "--" "create-vite@latest" "app" "--template" "react-ts" "--no-interactive"
9 verbose logfile logs-max:10 dir:/Users/mb/Desktop/OSINT/.npm-cache/_logs/2026-04-12T10_55_14_569Z-
10 verbose logfile /Users/mb/Desktop/OSINT/.npm-cache/_logs/2026-04-12T10_55_14_569Z-debug-0.log
11 silly logfile done cleaning log files
12 silly packumentCache heap:2348810240 maxSize:587202560 maxEntrySize:293601280
13 http fetch GET 200 https://registry.npmjs.org/create-vite 84ms (cache revalidated)
14 silly packumentCache heap:2348810240 maxSize:587202560 maxEntrySize:293601280
15 silly packumentCache heap:2348810240 maxSize:587202560 maxEntrySize:293601280
16 verbose shrinkwrap failed to load node_modules/.package-lock.json out of date, updated: node_modules
17 silly idealTree buildDeps
18 silly fetch manifest create-vite@9.0.4
19 silly packumentCache full:https://registry.npmjs.org/create-vite cache-miss
20 http cache https://registry.npmjs.org/create-vite 3ms (cache hit)
21 silly packumentCache full:https://registry.npmjs.org/create-vite set size:238204 disposed:false
22 silly placeDep ROOT create-vite@9.0.4 REPLACE for:  want: 9.0.4
23 silly reify moves {}
24 silly audit bulk request { 'create-vite': [ '9.0.4' ] }
25 http fetch POST 200 https://registry.npmjs.org/-/npm/v1/security/advisories/bulk 1104ms
26 silly audit report {}
27 verbose cwd /Users/mb/Desktop/OSINT
28 verbose os Darwin 25.5.0
29 verbose node v24.14.1
30 verbose npm  v11.11.0
31 verbose exit 0
32 info ok
