0 verbose cli /usr/local/bin/node /usr/local/bin/npm
1 info using npm@11.11.0
2 info using node@v24.14.1
3 silly config load:file:/usr/local/lib/node_modules/npm/npmrc
4 silly config load:file:/Users/mb/Desktop/OSINT/app/.npmrc
5 silly config load:file:/Users/mb/.npmrc
6 silly config load:file:/usr/local/etc/npmrc
7 verbose title npm install tailwindcss@latest @tailwindcss/vite@latest
8 verbose argv "install" "--save-dev" "tailwindcss@latest" "@tailwindcss/vite@latest"
9 verbose logfile logs-max:10 dir:/Users/mb/Desktop/OSINT/.npm-cache/_logs/2026-04-12T10_56_24_865Z-
10 verbose logfile /Users/mb/Desktop/OSINT/.npm-cache/_logs/2026-04-12T10_56_24_865Z-debug-0.log
11 silly logfile done cleaning log files
12 silly packumentCache heap:2348810240 maxSize:587202560 maxEntrySize:293601280
13 silly packumentCache corgi:https://registry.npmjs.org/tailwindcss cache-miss
14 silly packumentCache corgi:https://registry.npmjs.org/@tailwindcss%2fvite cache-miss
15 http fetch GET 200 https://registry.npmjs.org/tailwindcss 369ms (cache miss)
16 silly packumentCache corgi:https://registry.npmjs.org/tailwindcss set size:undefined disposed:false
17 http fetch GET 200 https://registry.npmjs.org/@tailwindcss%2fvite 634ms (cache miss)
18 silly packumentCache corgi:https://registry.npmjs.org/@tailwindcss%2fvite set size:undefined disposed:false
19 silly idealTree buildDeps
20 silly fetch manifest tailwindcss@4.2.2
21 silly packumentCache full:https://registry.npmjs.org/tailwindcss cache-miss
22 http fetch GET 200 https://registry.npmjs.org/tailwindcss 121ms (cache miss)
23 silly packumentCache full:https://registry.npmjs.org/tailwindcss set size:undefined disposed:false
24 silly fetch manifest @tailwindcss/vite@4.2.2
25 silly packumentCache full:https://registry.npmjs.org/@tailwindcss%2fvite cache-miss
26 http fetch GET 200 https://registry.npmjs.org/@tailwindcss%2fvite 492ms (cache miss)
27 silly packumentCache full:https://registry.npmjs.org/@tailwindcss%2fvite set size:undefined disposed:false
28 silly fetch manifest vite@^8.0.4
29 silly packumentCache full:https://registry.npmjs.org/vite cache-miss
30 http cache https://registry.npmjs.org/vite 78ms (cache hit)
31 silly packumentCache full:https://registry.npmjs.org/vite set size:38805901 disposed:false
32 silly fetch manifest @types/node@^24.12.2
33 silly packumentCache full:https://registry.npmjs.org/@types%2fnode cache-miss
34 http cache https://registry.npmjs.org/@types%2fnode 29ms (cache hit)
35 silly packumentCache full:https://registry.npmjs.org/@types%2fnode set size:10972342 disposed:false
36 silly fetch manifest @vitejs/devtools@^0.1.0
37 silly packumentCache full:https://registry.npmjs.org/@vitejs%2fdevtools cache-miss
38 http cache https://registry.npmjs.org/@vitejs%2fdevtools 2ms (cache hit)
39 silly packumentCache full:https://registry.npmjs.org/@vitejs%2fdevtools set size:166185 disposed:false
40 silly fetch manifest esbuild@^0.27.0 || ^0.28.0
41 silly packumentCache full:https://registry.npmjs.org/esbuild cache-miss
42 http cache https://registry.npmjs.org/esbuild 4ms (cache hit)
43 silly packumentCache full:https://registry.npmjs.org/esbuild set size:1254708 disposed:false
44 silly fetch manifest jiti@>=1.21.0
45 silly packumentCache full:https://registry.npmjs.org/jiti cache-miss
46 http cache https://registry.npmjs.org/jiti 3ms (cache hit)
47 silly packumentCache full:https://registry.npmjs.org/jiti set size:382310 disposed:false
48 silly fetch manifest less@^4.0.0
49 silly packumentCache full:https://registry.npmjs.org/less cache-miss
50 http cache https://registry.npmjs.org/less 3ms (cache hit)
51 silly packumentCache full:https://registry.npmjs.org/less set size:461684 disposed:false
52 silly fetch manifest sass@^1.70.0
53 silly packumentCache full:https://registry.npmjs.org/sass cache-miss
54 http cache https://registry.npmjs.org/sass 4ms (cache hit)
55 silly packumentCache full:https://registry.npmjs.org/sass set size:726244 disposed:false
56 silly fetch manifest sass-embedded@^1.70.0
57 silly packumentCache full:https://registry.npmjs.org/sass-embedded cache-miss
58 http cache https://registry.npmjs.org/sass-embedded 2ms (cache hit)
59 silly packumentCache full:https://registry.npmjs.org/sass-embedded set size:415594 disposed:false
60 silly fetch manifest stylus@>=0.54.8
61 silly packumentCache full:https://registry.npmjs.org/stylus cache-miss
62 http cache https://registry.npmjs.org/stylus 4ms (cache hit)
63 silly packumentCache full:https://registry.npmjs.org/stylus set size:286766 disposed:false
64 silly fetch manifest sugarss@^5.0.0
65 silly packumentCache full:https://registry.npmjs.org/sugarss cache-miss
66 http cache https://registry.npmjs.org/sugarss 2ms (cache hit)
67 silly packumentCache full:https://registry.npmjs.org/sugarss set size:44975 disposed:false
68 silly fetch manifest postcss@^8.3.3
69 silly packumentCache full:https://registry.npmjs.org/postcss cache-miss
70 http cache https://registry.npmjs.org/postcss 2ms (cache hit)
71 silly packumentCache full:https://registry.npmjs.org/postcss set size:705229 disposed:false
72 silly fetch manifest terser@^5.16.0
73 silly packumentCache full:https://registry.npmjs.org/terser cache-miss
74 http cache https://registry.npmjs.org/terser 4ms (cache hit)
75 silly packumentCache full:https://registry.npmjs.org/terser set size:789927 disposed:false
76 silly fetch manifest tsx@^4.8.1
77 silly packumentCache full:https://registry.npmjs.org/tsx cache-miss
78 http cache https://registry.npmjs.org/tsx 4ms (cache hit)
79 silly packumentCache full:https://registry.npmjs.org/tsx set size:289592 disposed:false
80 silly fetch manifest yaml@^2.4.2
81 silly packumentCache full:https://registry.npmjs.org/yaml cache-miss
82 http cache https://registry.npmjs.org/yaml 2ms (cache hit)
83 silly packumentCache full:https://registry.npmjs.org/yaml set size:375230 disposed:false
84 silly placeDep ROOT @tailwindcss/vite@4.2.2 OK for: app@0.0.0 want: 4.2.2
85 silly placeDep ROOT tailwindcss@4.2.2 OK for: app@0.0.0 want: 4.2.2
86 silly fetch manifest @tailwindcss/node@4.2.2
87 silly packumentCache full:https://registry.npmjs.org/@tailwindcss%2fnode cache-miss
88 silly fetch manifest @tailwindcss/oxide@4.2.2
89 silly packumentCache full:https://registry.npmjs.org/@tailwindcss%2foxide cache-miss
90 http fetch GET 200 https://registry.npmjs.org/@tailwindcss%2fnode 596ms (cache miss)
91 silly packumentCache full:https://registry.npmjs.org/@tailwindcss%2fnode set size:undefined disposed:false
92 http fetch GET 200 https://registry.npmjs.org/@tailwindcss%2foxide 610ms (cache miss)
93 silly packumentCache full:https://registry.npmjs.org/@tailwindcss%2foxide set size:undefined disposed:false
94 silly placeDep ROOT @tailwindcss/node@4.2.2 OK for: @tailwindcss/vite@4.2.2 want: 4.2.2
95 silly placeDep ROOT @tailwindcss/oxide@4.2.2 OK for: @tailwindcss/vite@4.2.2 want: 4.2.2
96 silly fetch manifest jiti@^2.6.1
97 silly packumentCache full:https://registry.npmjs.org/jiti cache-hit
98 silly fetch manifest magic-string@^0.30.21
99 silly packumentCache full:https://registry.npmjs.org/magic-string cache-miss
100 silly fetch manifest enhanced-resolve@^5.19.0
101 silly packumentCache full:https://registry.npmjs.org/enhanced-resolve cache-miss
102 silly fetch manifest @tailwindcss/oxide-darwin-x64@4.2.2
103 silly packumentCache full:https://registry.npmjs.org/@tailwindcss%2foxide-darwin-x64 cache-miss
104 silly fetch manifest @tailwindcss/oxide-freebsd-x64@4.2.2
105 silly packumentCache full:https://registry.npmjs.org/@tailwindcss%2foxide-freebsd-x64 cache-miss
106 silly fetch manifest @tailwindcss/oxide-wasm32-wasi@4.2.2
107 silly packumentCache full:https://registry.npmjs.org/@tailwindcss%2foxide-wasm32-wasi cache-miss
108 silly fetch manifest @tailwindcss/oxide-darwin-arm64@4.2.2
109 silly packumentCache full:https://registry.npmjs.org/@tailwindcss%2foxide-darwin-arm64 cache-miss
110 silly fetch manifest @tailwindcss/oxide-android-arm64@4.2.2
111 silly packumentCache full:https://registry.npmjs.org/@tailwindcss%2foxide-android-arm64 cache-miss
112 http fetch GET 200 https://registry.npmjs.org/enhanced-resolve 37ms (cache miss)
113 silly packumentCache full:https://registry.npmjs.org/enhanced-resolve set size:undefined disposed:false
114 silly fetch manifest @tailwindcss/oxide-linux-x64-gnu@4.2.2
115 silly packumentCache full:https://registry.npmjs.org/@tailwindcss%2foxide-linux-x64-gnu cache-miss
116 http fetch GET 200 https://registry.npmjs.org/magic-string 248ms (cache miss)
117 silly packumentCache full:https://registry.npmjs.org/magic-string set size:undefined disposed:false
118 silly fetch manifest @tailwindcss/oxide-linux-x64-musl@4.2.2
119 silly packumentCache full:https://registry.npmjs.org/@tailwindcss%2foxide-linux-x64-musl cache-miss
120 http fetch GET 200 https://registry.npmjs.org/@tailwindcss%2foxide-wasm32-wasi 597ms (cache miss)
121 silly packumentCache full:https://registry.npmjs.org/@tailwindcss%2foxide-wasm32-wasi set size:undefined disposed:false
122 silly fetch manifest @tailwindcss/oxide-win32-x64-msvc@4.2.2
123 silly packumentCache full:https://registry.npmjs.org/@tailwindcss%2foxide-win32-x64-msvc cache-miss
124 http fetch GET 200 https://registry.npmjs.org/@tailwindcss%2foxide-darwin-x64 617ms (cache miss)
125 silly packumentCache full:https://registry.npmjs.org/@tailwindcss%2foxide-darwin-x64 set size:undefined disposed:false
126 silly fetch manifest @tailwindcss/oxide-linux-arm64-gnu@4.2.2
127 silly packumentCache full:https://registry.npmjs.org/@tailwindcss%2foxide-linux-arm64-gnu cache-miss
128 http fetch GET 200 https://registry.npmjs.org/@tailwindcss%2foxide-android-arm64 625ms (cache miss)
129 silly packumentCache full:https://registry.npmjs.org/@tailwindcss%2foxide-android-arm64 set size:undefined disposed:false
130 silly fetch manifest @tailwindcss/oxide-linux-arm64-musl@4.2.2
131 silly packumentCache full:https://registry.npmjs.org/@tailwindcss%2foxide-linux-arm64-musl cache-miss
132 http fetch GET 200 https://registry.npmjs.org/@tailwindcss%2foxide-darwin-arm64 636ms (cache miss)
133 silly packumentCache full:https://registry.npmjs.org/@tailwindcss%2foxide-darwin-arm64 set size:undefined disposed:false
134 silly fetch manifest @tailwindcss/oxide-win32-arm64-msvc@4.2.2
135 silly packumentCache full:https://registry.npmjs.org/@tailwindcss%2foxide-win32-arm64-msvc cache-miss
136 http fetch GET 200 https://registry.npmjs.org/@tailwindcss%2foxide-linux-x64-gnu 990ms (cache miss)
137 silly packumentCache full:https://registry.npmjs.org/@tailwindcss%2foxide-linux-x64-gnu set size:undefined disposed:false
138 silly fetch manifest @tailwindcss/oxide-linux-arm-gnueabihf@4.2.2
139 silly packumentCache full:https://registry.npmjs.org/@tailwindcss%2foxide-linux-arm-gnueabihf cache-miss
140 http fetch GET 200 https://registry.npmjs.org/@tailwindcss%2foxide-freebsd-x64 1043ms (cache miss)
141 silly packumentCache full:https://registry.npmjs.org/@tailwindcss%2foxide-freebsd-x64 set size:undefined disposed:false
142 http fetch GET 200 https://registry.npmjs.org/@tailwindcss%2foxide-win32-x64-msvc 608ms (cache miss)
143 silly packumentCache full:https://registry.npmjs.org/@tailwindcss%2foxide-win32-x64-msvc set size:undefined disposed:false
144 http fetch GET 200 https://registry.npmjs.org/@tailwindcss%2foxide-win32-arm64-msvc 584ms (cache miss)
145 silly packumentCache full:https://registry.npmjs.org/@tailwindcss%2foxide-win32-arm64-msvc set size:undefined disposed:false
146 http fetch GET 200 https://registry.npmjs.org/@tailwindcss%2foxide-linux-arm64-gnu 612ms (cache miss)
147 silly packumentCache full:https://registry.npmjs.org/@tailwindcss%2foxide-linux-arm64-gnu set size:undefined disposed:false
148 http fetch GET 200 https://registry.npmjs.org/@tailwindcss%2foxide-linux-arm64-musl 618ms (cache miss)
149 silly packumentCache full:https://registry.npmjs.org/@tailwindcss%2foxide-linux-arm64-musl set size:undefined disposed:false
150 http fetch GET 200 https://registry.npmjs.org/@tailwindcss%2foxide-linux-x64-musl 1022ms (cache miss)
151 silly packumentCache full:https://registry.npmjs.org/@tailwindcss%2foxide-linux-x64-musl set size:undefined disposed:false
152 http fetch GET 200 https://registry.npmjs.org/@tailwindcss%2foxide-linux-arm-gnueabihf 1003ms (cache miss)
153 silly packumentCache full:https://registry.npmjs.org/@tailwindcss%2foxide-linux-arm-gnueabihf set size:undefined disposed:false
154 silly placeDep ROOT enhanced-resolve@5.20.1 OK for: @tailwindcss/node@4.2.2 want: ^5.19.0
155 silly placeDep ROOT jiti@2.6.1 OK for: @tailwindcss/node@4.2.2 want: ^2.6.1
156 silly placeDep ROOT magic-string@0.30.21 OK for: @tailwindcss/node@4.2.2 want: ^0.30.21
157 silly fetch manifest graceful-fs@^4.2.4
158 silly packumentCache full:https://registry.npmjs.org/graceful-fs cache-miss
159 silly fetch manifest tapable@^2.3.0
160 silly packumentCache full:https://registry.npmjs.org/tapable cache-miss
161 http fetch GET 200 https://registry.npmjs.org/tapable 32ms (cache miss)
162 silly packumentCache full:https://registry.npmjs.org/tapable set size:undefined disposed:false
163 http fetch GET 200 https://registry.npmjs.org/graceful-fs 249ms (cache miss)
164 silly packumentCache full:https://registry.npmjs.org/graceful-fs set size:undefined disposed:false
165 silly placeDep ROOT @tailwindcss/oxide-android-arm64@4.2.2 OK for: @tailwindcss/oxide@4.2.2 want: 4.2.2
166 silly placeDep ROOT @tailwindcss/oxide-darwin-arm64@4.2.2 OK for: @tailwindcss/oxide@4.2.2 want: 4.2.2
167 silly placeDep ROOT @tailwindcss/oxide-darwin-x64@4.2.2 OK for: @tailwindcss/oxide@4.2.2 want: 4.2.2
168 silly placeDep ROOT @tailwindcss/oxide-freebsd-x64@4.2.2 OK for: @tailwindcss/oxide@4.2.2 want: 4.2.2
169 silly placeDep ROOT @tailwindcss/oxide-linux-arm-gnueabihf@4.2.2 OK for: @tailwindcss/oxide@4.2.2 want: 4.2.2
170 silly placeDep ROOT @tailwindcss/oxide-linux-arm64-gnu@4.2.2 OK for: @tailwindcss/oxide@4.2.2 want: 4.2.2
171 silly placeDep ROOT @tailwindcss/oxide-linux-arm64-musl@4.2.2 OK for: @tailwindcss/oxide@4.2.2 want: 4.2.2
172 silly placeDep ROOT @tailwindcss/oxide-linux-x64-gnu@4.2.2 OK for: @tailwindcss/oxide@4.2.2 want: 4.2.2
173 silly placeDep ROOT @tailwindcss/oxide-linux-x64-musl@4.2.2 OK for: @tailwindcss/oxide@4.2.2 want: 4.2.2
174 silly placeDep ROOT @tailwindcss/oxide-wasm32-wasi@4.2.2 OK for: @tailwindcss/oxide@4.2.2 want: 4.2.2
175 silly placeDep ROOT @tailwindcss/oxide-win32-arm64-msvc@4.2.2 OK for: @tailwindcss/oxide@4.2.2 want: 4.2.2
176 silly placeDep ROOT @tailwindcss/oxide-win32-x64-msvc@4.2.2 OK for: @tailwindcss/oxide@4.2.2 want: 4.2.2
177 silly placeDep ROOT graceful-fs@4.2.11 OK for: enhanced-resolve@5.20.1 want: ^4.2.4
178 silly placeDep ROOT tapable@2.3.2 OK for: enhanced-resolve@5.20.1 want: ^2.3.0
179 silly reify moves {}
180 silly audit bulk request {
180 silly audit   '@babel/code-frame': [ '7.29.0' ],
180 silly audit   '@babel/compat-data': [ '7.29.0' ],
180 silly audit   '@babel/core': [ '7.29.0' ],
180 silly audit   '@babel/generator': [ '7.29.1' ],
180 silly audit   '@babel/helper-compilation-targets': [ '7.28.6' ],
180 silly audit   '@babel/helper-globals': [ '7.28.0' ],
180 silly audit   '@babel/helper-module-imports': [ '7.28.6' ],
180 silly audit   '@babel/helper-module-transforms': [ '7.28.6' ],
180 silly audit   '@babel/helper-string-parser': [ '7.27.1' ],
180 silly audit   '@babel/helper-validator-identifier': [ '7.28.5' ],
180 silly audit   '@babel/helper-validator-option': [ '7.27.1' ],
180 silly audit   '@babel/helpers': [ '7.29.2' ],
180 silly audit   '@babel/parser': [ '7.29.2' ],
180 silly audit   '@babel/template': [ '7.28.6' ],
180 silly audit   '@babel/traverse': [ '7.29.0' ],
180 silly audit   '@babel/types': [ '7.29.0' ],
180 silly audit   '@emnapi/core': [ '1.9.2' ],
180 silly audit   '@emnapi/runtime': [ '1.9.2' ],
180 silly audit   '@emnapi/wasi-threads': [ '1.2.1' ],
180 silly audit   '@eslint-community/eslint-utils': [ '4.9.1' ],
180 silly audit   'eslint-visitor-keys': [ '3.4.3', '5.0.1', '4.2.1' ],
180 silly audit   '@eslint-community/regexpp': [ '4.12.2' ],
180 silly audit   '@eslint/config-array': [ '0.21.2' ],
180 silly audit   '@eslint/config-helpers': [ '0.4.2' ],
180 silly audit   '@eslint/core': [ '0.17.0' ],
180 silly audit   '@eslint/eslintrc': [ '3.3.5' ],
180 silly audit   globals: [ '14.0.0', '17.5.0' ],
180 silly audit   '@eslint/js': [ '9.39.4' ],
180 silly audit   '@eslint/object-schema': [ '2.1.7' ],
180 silly audit   '@eslint/plugin-kit': [ '0.4.1' ],
180 silly audit   '@floating-ui/core': [ '1.7.5' ],
180 silly audit   '@floating-ui/dom': [ '1.7.6' ],
180 silly audit   '@floating-ui/react-dom': [ '2.1.8' ],
180 silly audit   '@floating-ui/utils': [ '0.2.11' ],
180 silly audit   '@humanfs/core': [ '0.19.1' ],
180 silly audit   '@humanfs/node': [ '0.16.7' ],
180 silly audit   '@humanwhocodes/module-importer': [ '1.0.1' ],
180 silly audit   '@humanwhocodes/retry': [ '0.4.3' ],
180 silly audit   '@jridgewell/gen-mapping': [ '0.3.13' ],
180 silly audit   '@jridgewell/remapping': [ '2.3.5' ],
180 silly audit   '@jridgewell/resolve-uri': [ '3.1.2' ],
180 silly audit   '@jridgewell/sourcemap-codec': [ '1.5.5' ],
180 silly audit   '@jridgewell/trace-mapping': [ '0.3.31' ],
180 silly audit   '@napi-rs/wasm-runtime': [ '1.1.3' ],
180 silly audit   '@oxc-project/types': [ '0.124.0' ],
180 silly audit   '@radix-ui/number': [ '1.1.1' ],
180 silly audit   '@radix-ui/primitive': [ '1.1.3' ],
180 silly audit   '@radix-ui/react-arrow': [ '1.1.7' ],
180 silly audit   '@radix-ui/react-collection': [ '1.1.7' ],
180 silly audit   '@radix-ui/react-slot': [ '1.2.3', '1.2.4' ],
180 silly audit   '@radix-ui/react-compose-refs': [ '1.1.2' ],
180 silly audit   '@radix-ui/react-context': [ '1.1.2' ],
180 silly audit   '@radix-ui/react-dialog': [ '1.1.15' ],
180 silly audit   '@radix-ui/react-direction': [ '1.1.1' ],
180 silly audit   '@radix-ui/react-dismissable-layer': [ '1.1.11' ],
180 silly audit   '@radix-ui/react-dropdown-menu': [ '2.1.16' ],
180 silly audit   '@radix-ui/react-focus-guards': [ '1.1.3' ],
180 silly audit   '@radix-ui/react-focus-scope': [ '1.1.7' ],
180 silly audit   '@radix-ui/react-id': [ '1.1.1' ],
180 silly audit   '@radix-ui/react-menu': [ '2.1.16' ],
180 silly audit   '@radix-ui/react-popper': [ '1.2.8' ],
180 silly audit   '@radix-ui/react-portal': [ '1.1.9' ],
180 silly audit   '@radix-ui/react-presence': [ '1.1.5' ],
180 silly audit   '@radix-ui/react-primitive': [ '2.1.3' ],
180 silly audit   '@radix-ui/react-roving-focus': [ '1.1.11' ],
180 silly audit   '@radix-ui/react-scroll-area': [ '1.2.10' ],
180 silly audit   '@radix-ui/react-select': [ '2.2.6' ],
180 silly audit   '@radix-ui/react-tabs': [ '1.1.13' ],
180 silly audit   '@radix-ui/react-tooltip': [ '1.2.8' ],
180 silly audit   '@radix-ui/react-use-callback-ref': [ '1.1.1' ],
180 silly audit   '@radix-ui/react-use-controllable-state': [ '1.2.2' ],
180 silly audit   '@radix-ui/react-use-effect-event': [ '0.0.2' ],
180 silly audit   '@radix-ui/react-use-escape-keydown': [ '1.1.1' ],
180 silly audit   '@radix-ui/react-use-layout-effect': [ '1.1.1' ],
180 silly audit   '@radix-ui/react-use-previous': [ '1.1.1' ],
180 silly audit   '@radix-ui/react-use-rect': [ '1.1.1' ],
180 silly audit   '@radix-ui/react-use-size': [ '1.1.1' ],
180 silly audit   '@radix-ui/react-visually-hidden': [ '1.2.3' ],
180 silly audit   '@radix-ui/rect': [ '1.1.1' ],
180 silly audit   '@reduxjs/toolkit': [ '2.11.2' ],
180 silly audit   immer: [ '11.1.4', '10.2.0' ],
180 silly audit   '@rolldown/binding-android-arm64': [ '1.0.0-rc.15' ],
180 silly audit   '@rolldown/binding-darwin-arm64': [ '1.0.0-rc.15' ],
180 silly audit   '@rolldown/binding-darwin-x64': [ '1.0.0-rc.15' ],
180 silly audit   '@rolldown/binding-freebsd-x64': [ '1.0.0-rc.15' ],
180 silly audit   '@rolldown/binding-linux-arm-gnueabihf': [ '1.0.0-rc.15' ],
180 silly audit   '@rolldown/binding-linux-arm64-gnu': [ '1.0.0-rc.15' ],
180 silly audit   '@rolldown/binding-linux-arm64-musl': [ '1.0.0-rc.15' ],
180 silly audit   '@rolldown/binding-linux-ppc64-gnu': [ '1.0.0-rc.15' ],
180 silly audit   '@rolldown/binding-linux-s390x-gnu': [ '1.0.0-rc.15' ],
180 silly audit   '@rolldown/binding-linux-x64-gnu': [ '1.0.0-rc.15' ],
180 silly audit   '@rolldown/binding-linux-x64-musl': [ '1.0.0-rc.15' ],
180 silly audit   '@rolldown/binding-openharmony-arm64': [ '1.0.0-rc.15' ],
180 silly audit   '@rolldown/binding-wasm32-wasi': [ '1.0.0-rc.15' ],
180 silly audit   '@rolldown/binding-win32-arm64-msvc': [ '1.0.0-rc.15' ],
180 silly audit   '@rolldown/binding-win32-x64-msvc': [ '1.0.0-rc.15' ],
180 silly audit   '@rolldown/pluginutils': [ '1.0.0-rc.7', '1.0.0-rc.15' ],
180 silly audit   '@standard-schema/spec': [ '1.1.0' ],
180 silly audit   '@standard-schema/utils': [ '0.3.0' ],
180 silly audit   '@tanstack/query-core': [ '5.99.0' ],
180 silly audit   '@tanstack/react-query': [ '5.99.0' ],
180 silly audit   '@tanstack/react-table': [ '8.21.3' ],
180 silly audit   '@tanstack/table-core': [ '8.21.3' ],
180 silly audit   '@tybys/wasm-util': [ '0.10.1' ],
180 silly audit   '@types/d3-array': [ '3.2.2' ],
180 silly audit   '@types/d3-color': [ '3.1.3' ],
180 silly audit   '@types/d3-ease': [ '3.0.2' ],
180 silly audit   '@types/d3-interpolate': [ '3.0.4' ],
180 silly audit   '@types/d3-path': [ '3.1.1' ],
180 silly audit   '@types/d3-scale': [ '4.0.9' ],
180 silly audit   '@types/d3-shape': [ '3.1.8' ],
180 silly audit   '@types/d3-time': [ '3.0.4' ],
180 silly audit   '@types/d3-timer': [ '3.0.2' ],
180 silly audit   '@types/estree': [ '1.0.8' ],
180 silly audit   '@types/geojson': [ '7946.0.16' ],
180 silly audit   '@types/json-schema': [ '7.0.15' ],
180 silly audit   '@types/leaflet': [ '1.9.21' ],
180 silly audit   '@types/node': [ '24.12.2' ],
180 silly audit   '@types/react': [ '19.2.14' ],
180 silly audit   '@types/react-dom': [ '19.2.3' ],
180 silly audit   '@types/use-sync-external-store': [ '0.0.6' ],
180 silly audit   '@typescript-eslint/eslint-plugin': [ '8.58.1' ],
180 silly audit   ignore: [ '7.0.5', '5.3.2' ],
180 silly audit   '@typescript-eslint/parser': [ '8.58.1' ],
180 silly audit   '@typescript-eslint/project-service': [ '8.58.1' ],
180 silly audit   '@typescript-eslint/scope-manager': [ '8.58.1' ],
180 silly audit   '@typescript-eslint/tsconfig-utils': [ '8.58.1' ],
180 silly audit   '@typescript-eslint/type-utils': [ '8.58.1' ],
180 silly audit   '@typescript-eslint/types': [ '8.58.1' ],
180 silly audit   '@typescript-eslint/typescript-estree': [ '8.58.1' ],
180 silly audit   'balanced-match': [ '4.0.4', '1.0.2' ],
180 silly audit   'brace-expansion': [ '5.0.5', '1.1.14' ],
180 silly audit   minimatch: [ '10.2.5', '3.1.5' ],
180 silly audit   semver: [ '7.7.4', '6.3.1' ],
180 silly audit   '@typescript-eslint/utils': [ '8.58.1' ],
180 silly audit   '@typescript-eslint/visitor-keys': [ '8.58.1' ],
180 silly audit   '@vitejs/plugin-react': [ '6.0.1' ],
180 silly audit   acorn: [ '8.16.0' ],
180 silly audit   'acorn-jsx': [ '5.3.2' ],
180 silly audit   ajv: [ '6.14.0' ],
180 silly audit   'ansi-styles': [ '4.3.0' ],
180 silly audit   argparse: [ '2.0.1' ],
180 silly audit   'aria-hidden': [ '1.2.6' ],
180 silly audit   'baseline-browser-mapping': [ '2.10.18' ],
180 silly audit   browserslist: [ '4.28.2' ],
180 silly audit   callsites: [ '3.1.0' ],
180 silly audit   'caniuse-lite': [ '1.0.30001787' ],
180 silly audit   chalk: [ '4.1.2' ],
180 silly audit   'class-variance-authority': [ '0.7.1' ],
180 silly audit   clsx: [ '2.1.1' ],
180 silly audit   'color-convert': [ '2.0.1' ],
180 silly audit   'color-name': [ '1.1.4' ],
180 silly audit   'concat-map': [ '0.0.1' ],
180 silly audit   'convert-source-map': [ '2.0.0' ],
180 silly audit   cookie: [ '1.1.1' ],
180 silly audit   'cross-spawn': [ '7.0.6' ],
180 silly audit   csstype: [ '3.2.3' ],
180 silly audit   'd3-array': [ '3.2.4' ],
180 silly audit   'd3-color': [ '3.1.0' ],
180 silly audit   'd3-ease': [ '3.0.1' ],
180 silly audit   'd3-format': [ '3.1.2' ],
180 silly audit   'd3-interpolate': [ '3.0.1' ],
180 silly audit   'd3-path': [ '3.1.0' ],
180 silly audit   'd3-scale': [ '4.0.2' ],
180 silly audit   'd3-shape': [ '3.2.0' ],
180 silly audit   'd3-time': [ '3.1.0' ],
180 silly audit   'd3-time-format': [ '4.1.0' ],
180 silly audit   'd3-timer': [ '3.0.1' ],
180 silly audit   debug: [ '4.4.3' ],
180 silly audit   'decimal.js-light': [ '2.5.1' ],
180 silly audit   'deep-is': [ '0.1.4' ],
180 silly audit   'detect-libc': [ '2.1.2' ],
180 silly audit   'detect-node-es': [ '1.1.0' ],
180 silly audit   'electron-to-chromium': [ '1.5.335' ],
180 silly audit   'es-toolkit': [ '1.45.1' ],
180 silly audit   escalade: [ '3.2.0' ],
180 silly audit   'escape-string-regexp': [ '4.0.0' ],
180 silly audit   eslint: [ '9.39.4' ],
180 silly audit   'eslint-plugin-react-hooks': [ '7.0.1' ],
180 silly audit   'eslint-plugin-react-refresh': [ '0.5.2' ],
180 silly audit   'eslint-scope': [ '8.4.0' ],
180 silly audit   espree: [ '10.4.0' ],
180 silly audit   esquery: [ '1.7.0' ],
180 silly audit   esrecurse: [ '4.3.0' ],
180 silly audit   estraverse: [ '5.3.0' ],
180 silly audit   esutils: [ '2.0.3' ],
180 silly audit   eventemitter3: [ '5.0.4' ],
180 silly audit   'fast-deep-equal': [ '3.1.3' ],
180 silly audit   'fast-json-stable-stringify': [ '2.1.0' ],
180 silly audit   'fast-levenshtein': [ '2.0.6' ],
180 silly audit   fdir: [ '6.5.0' ],
180 silly audit   'file-entry-cache': [ '8.0.0' ],
180 silly audit   'find-up': [ '5.0.0' ],
180 silly audit   'flat-cache': [ '4.0.1' ],
180 silly audit   flatted: [ '3.4.2' ],
180 silly audit   'framer-motion': [ '12.38.0' ],
180 silly audit   fsevents: [ '2.3.3' ],
180 silly audit   gensync: [ '1.0.0-beta.2' ],
180 silly audit   'get-nonce': [ '1.0.1' ],
180 silly audit   'glob-parent': [ '6.0.2' ],
180 silly audit   'has-flag': [ '4.0.0' ],
180 silly audit   'hermes-estree': [ '0.25.1' ],
180 silly audit   'hermes-parser': [ '0.25.1' ],
180 silly audit   'import-fresh': [ '3.3.1' ],
180 silly audit   imurmurhash: [ '0.1.4' ],
180 silly audit   internmap: [ '2.0.3' ],
180 silly audit   'is-extglob': [ '2.1.1' ],
180 silly audit   'is-glob': [ '4.0.3' ],
180 silly audit   isexe: [ '2.0.0' ],
180 silly audit   'js-tokens': [ '4.0.0' ],
180 silly audit   'js-yaml': [ '4.1.1' ],
180 silly audit   jsesc: [ '3.1.0' ],
180 silly audit   'json-buffer': [ '3.0.1' ],
180 silly audit   'json-schema-traverse': [ '0.4.1' ],
180 silly audit   'json-stable-stringify-without-jsonify': [ '1.0.1' ],
180 silly audit   json5: [ '2.2.3' ],
180 silly audit   keyv: [ '4.5.4' ],
180 silly audit   leaflet: [ '1.9.4' ],
180 silly audit   levn: [ '0.4.1' ],
180 silly audit   lightningcss: [ '1.32.0' ],
180 silly audit   'lightningcss-android-arm64': [ '1.32.0' ],
180 silly audit   'lightningcss-darwin-arm64': [ '1.32.0' ],
180 silly audit   'lightningcss-darwin-x64': [ '1.32.0' ],
180 silly audit   'lightningcss-freebsd-x64': [ '1.32.0' ],
180 silly audit   'lightningcss-linux-arm-gnueabihf': [ '1.32.0' ],
180 silly audit   'lightningcss-linux-arm64-gnu': [ '1.32.0' ],
180 silly audit   'lightningcss-linux-arm64-musl': [ '1.32.0' ],
180 silly audit   'lightningcss-linux-x64-gnu': [ '1.32.0' ],
180 silly audit   'lightningcss-linux-x64-musl': [ '1.32.0' ],
180 silly audit   'lightningcss-win32-arm64-msvc': [ '1.32.0' ],
180 silly audit   'lightningcss-win32-x64-msvc': [ '1.32.0' ],
180 silly audit   'locate-path': [ '6.0.0' ],
180 silly audit   'lodash.merge': [ '4.6.2' ],
180 silly audit   'lru-cache': [ '5.1.1' ],
180 silly audit   'lucide-react': [ '1.8.0' ],
180 silly audit   motion: [ '12.38.0' ],
180 silly audit   'motion-dom': [ '12.38.0' ],
180 silly audit   'motion-utils': [ '12.36.0' ],
180 silly audit   ms: [ '2.1.3' ],
180 silly audit   nanoid: [ '3.3.11' ],
180 silly audit   'natural-compare': [ '1.4.0' ],
180 silly audit   'node-releases': [ '2.0.37' ],
180 silly audit   optionator: [ '0.9.4' ],
180 silly audit   'p-limit': [ '3.1.0' ],
180 silly audit   'p-locate': [ '5.0.0' ],
180 silly audit   'parent-module': [ '1.0.1' ],
180 silly audit   'path-exists': [ '4.0.0' ],
180 silly audit   'path-key': [ '3.1.1' ],
180 silly audit   picocolors: [ '1.1.1' ],
180 silly audit   picomatch: [ '4.0.4' ],
180 silly audit   postcss: [ '8.5.9' ],
180 silly audit   'prelude-ls': [ '1.2.1' ],
180 silly audit   punycode: [ '2.3.1' ],
180 silly audit   react: [ '19.2.5' ],
180 silly audit   'react-dom': [ '19.2.5' ],
180 silly audit   'react-is': [ '19.2.5' ],
180 silly audit   'react-redux': [ '9.2.0' ],
180 silly audit   'react-remove-scroll': [ '2.7.2' ],
180 silly audit   'react-remove-scroll-bar': [ '2.3.8' ],
180 silly audit   'react-router': [ '7.14.0' ],
180 silly audit   'react-router-dom': [ '7.14.0' ],
180 silly audit   'react-style-singleton': [ '2.2.3' ],
180 silly audit   recharts: [ '3.8.1' ],
180 silly audit   redux: [ '5.0.1' ],
180 silly audit   'redux-thunk': [ '3.1.0' ],
180 silly audit   reselect: [ '5.1.1' ],
180 silly audit   'resolve-from': [ '4.0.0' ],
180 silly audit   rolldown: [ '1.0.0-rc.15' ],
180 silly audit   scheduler: [ '0.27.0' ],
180 silly audit   'set-cookie-parser': [ '2.7.2' ],
180 silly audit   'shebang-command': [ '2.0.0' ],
180 silly audit   'shebang-regex': [ '3.0.0' ],
180 silly audit   'source-map-js': [ '1.2.1' ],
180 silly audit   'strip-json-comments': [ '3.1.1' ],
180 silly audit   'supports-color': [ '7.2.0' ],
180 silly audit   'tailwind-merge': [ '3.5.0' ],
180 silly audit   'tiny-invariant': [ '1.3.3' ],
180 silly audit   tinyglobby: [ '0.2.16' ],
180 silly audit   'ts-api-utils': [ '2.5.0' ],
180 silly audit   tslib: [ '2.8.1' ],
180 silly audit   'type-check': [ '0.4.0' ],
180 silly audit   typescript: [ '6.0.2' ],
180 silly audit   'typescript-eslint': [ '8.58.1' ],
180 silly audit   'undici-types': [ '7.16.0' ],
180 silly audit   'update-browserslist-db': [ '1.2.3' ],
180 silly audit   'uri-js': [ '4.4.1' ],
180 silly audit   'use-callback-ref': [ '1.3.3' ],
180 silly audit   'use-sidecar': [ '1.1.3' ],
180 silly audit   'use-sync-external-store': [ '1.6.0' ],
180 silly audit   'victory-vendor': [ '37.3.6' ],
180 silly audit   vite: [ '8.0.8' ],
180 silly audit   which: [ '2.0.2' ],
180 silly audit   'word-wrap': [ '1.2.5' ],
180 silly audit   yallist: [ '3.1.1' ],
180 silly audit   'yocto-queue': [ '0.1.0' ],
180 silly audit   zod: [ '4.3.6' ],
180 silly audit   'zod-validation-error': [ '4.0.2' ],
180 silly audit   zustand: [ '5.0.12' ],
180 silly audit   '@tailwindcss/vite': [ '4.2.2' ],
180 silly audit   tailwindcss: [ '4.2.2' ],
180 silly audit   '@tailwindcss/node': [ '4.2.2' ],
180 silly audit   '@tailwindcss/oxide': [ '4.2.2' ],
180 silly audit   'enhanced-resolve': [ '5.20.1' ],
180 silly audit   jiti: [ '2.6.1' ],
180 silly audit   'magic-string': [ '0.30.21' ],
180 silly audit   '@tailwindcss/oxide-android-arm64': [ '4.2.2' ],
180 silly audit   '@tailwindcss/oxide-darwin-arm64': [ '4.2.2' ],
180 silly audit   '@tailwindcss/oxide-darwin-x64': [ '4.2.2' ],
180 silly audit   '@tailwindcss/oxide-freebsd-x64': [ '4.2.2' ],
180 silly audit   '@tailwindcss/oxide-linux-arm-gnueabihf': [ '4.2.2' ],
180 silly audit   '@tailwindcss/oxide-linux-arm64-gnu': [ '4.2.2' ],
180 silly audit   '@tailwindcss/oxide-linux-arm64-musl': [ '4.2.2' ],
180 silly audit   '@tailwindcss/oxide-linux-x64-gnu': [ '4.2.2' ],
180 silly audit   '@tailwindcss/oxide-linux-x64-musl': [ '4.2.2' ],
180 silly audit   '@tailwindcss/oxide-wasm32-wasi': [ '4.2.2' ],
180 silly audit   '@tailwindcss/oxide-win32-arm64-msvc': [ '4.2.2' ],
180 silly audit   '@tailwindcss/oxide-win32-x64-msvc': [ '4.2.2' ],
180 silly audit   'graceful-fs': [ '4.2.11' ],
180 silly audit   tapable: [ '2.3.2' ]
180 silly audit }
181 http cache graceful-fs@https://registry.npmjs.org/graceful-fs/-/graceful-fs-4.2.11.tgz 0ms (cache hit)
182 http cache magic-string@https://registry.npmjs.org/magic-string/-/magic-string-0.30.21.tgz 0ms (cache hit)
183 http cache tapable@https://registry.npmjs.org/tapable/-/tapable-2.3.2.tgz 0ms (cache hit)
184 http cache @tailwindcss/oxide-darwin-arm64@https://registry.npmjs.org/@tailwindcss/oxide-darwin-arm64/-/oxide-darwin-arm64-4.2.2.tgz 0ms (cache hit)
185 http cache jiti@https://registry.npmjs.org/jiti/-/jiti-2.6.1.tgz 0ms (cache hit)
186 http cache enhanced-resolve@https://registry.npmjs.org/enhanced-resolve/-/enhanced-resolve-5.20.1.tgz 0ms (cache hit)
187 http cache @tailwindcss/oxide@https://registry.npmjs.org/@tailwindcss/oxide/-/oxide-4.2.2.tgz 0ms (cache hit)
188 http cache @tailwindcss/node@https://registry.npmjs.org/@tailwindcss/node/-/node-4.2.2.tgz 0ms (cache hit)
189 http cache tailwindcss@https://registry.npmjs.org/tailwindcss/-/tailwindcss-4.2.2.tgz 0ms (cache hit)
190 http cache fsevents@https://registry.npmjs.org/fsevents/-/fsevents-2.3.3.tgz 0ms (cache hit)
191 http cache @tybys/wasm-util@https://registry.npmjs.org/@tybys/wasm-util/-/wasm-util-0.10.1.tgz 0ms (cache hit)
192 http cache @napi-rs/wasm-runtime@https://registry.npmjs.org/@napi-rs/wasm-runtime/-/wasm-runtime-1.1.3.tgz 0ms (cache hit)
193 http cache @emnapi/runtime@https://registry.npmjs.org/@emnapi/runtime/-/runtime-1.9.2.tgz 0ms (cache hit)
194 http cache @emnapi/wasi-threads@https://registry.npmjs.org/@emnapi/wasi-threads/-/wasi-threads-1.2.1.tgz 0ms (cache hit)
195 http cache @tailwindcss/vite@https://registry.npmjs.org/@tailwindcss/vite/-/vite-4.2.2.tgz 0ms (cache hit)
196 http cache @emnapi/core@https://registry.npmjs.org/@emnapi/core/-/core-1.9.2.tgz 0ms (cache hit)
197 silly tarball no local data for graceful-fs@https://registry.npmjs.org/graceful-fs/-/graceful-fs-4.2.11.tgz. Extracting by manifest.
198 silly tarball no local data for magic-string@https://registry.npmjs.org/magic-string/-/magic-string-0.30.21.tgz. Extracting by manifest.
199 silly tarball no local data for tapable@https://registry.npmjs.org/tapable/-/tapable-2.3.2.tgz. Extracting by manifest.
200 silly tarball no local data for @tailwindcss/oxide-darwin-arm64@https://registry.npmjs.org/@tailwindcss/oxide-darwin-arm64/-/oxide-darwin-arm64-4.2.2.tgz. Extracting by manifest.
201 silly tarball no local data for jiti@https://registry.npmjs.org/jiti/-/jiti-2.6.1.tgz. Extracting by manifest.
202 silly tarball no local data for enhanced-resolve@https://registry.npmjs.org/enhanced-resolve/-/enhanced-resolve-5.20.1.tgz. Extracting by manifest.
203 silly tarball no local data for @tailwindcss/oxide@https://registry.npmjs.org/@tailwindcss/oxide/-/oxide-4.2.2.tgz. Extracting by manifest.
204 silly tarball no local data for @tailwindcss/node@https://registry.npmjs.org/@tailwindcss/node/-/node-4.2.2.tgz. Extracting by manifest.
205 silly tarball no local data for tailwindcss@https://registry.npmjs.org/tailwindcss/-/tailwindcss-4.2.2.tgz. Extracting by manifest.
206 silly tarball no local data for @tybys/wasm-util@https://registry.npmjs.org/@tybys/wasm-util/-/wasm-util-0.10.1.tgz. Extracting by manifest.
207 silly tarball no local data for @napi-rs/wasm-runtime@https://registry.npmjs.org/@napi-rs/wasm-runtime/-/wasm-runtime-1.1.3.tgz. Extracting by manifest.
208 silly tarball no local data for @emnapi/runtime@https://registry.npmjs.org/@emnapi/runtime/-/runtime-1.9.2.tgz. Extracting by manifest.
209 silly tarball no local data for @emnapi/wasi-threads@https://registry.npmjs.org/@emnapi/wasi-threads/-/wasi-threads-1.2.1.tgz. Extracting by manifest.
210 silly tarball no local data for @tailwindcss/vite@https://registry.npmjs.org/@tailwindcss/vite/-/vite-4.2.2.tgz. Extracting by manifest.
211 silly tarball no local data for @emnapi/core@https://registry.npmjs.org/@emnapi/core/-/core-1.9.2.tgz. Extracting by manifest.
212 http fetch GET 200 https://registry.npmjs.org/graceful-fs/-/graceful-fs-4.2.11.tgz 48ms (cache miss)
213 http fetch GET 200 https://registry.npmjs.org/magic-string/-/magic-string-0.30.21.tgz 55ms (cache miss)
214 http fetch GET 200 https://registry.npmjs.org/tapable/-/tapable-2.3.2.tgz 66ms (cache miss)
215 http fetch GET 200 https://registry.npmjs.org/jiti/-/jiti-2.6.1.tgz 72ms (cache miss)
216 http fetch GET 200 https://registry.npmjs.org/enhanced-resolve/-/enhanced-resolve-5.20.1.tgz 78ms (cache miss)
217 http fetch GET 200 https://registry.npmjs.org/tailwindcss/-/tailwindcss-4.2.2.tgz 86ms (cache miss)
218 http fetch POST 200 https://registry.npmjs.org/-/npm/v1/security/advisories/bulk 248ms
219 silly audit report {}
220 http fetch GET 200 https://registry.npmjs.org/@tailwindcss/oxide-darwin-arm64/-/oxide-darwin-arm64-4.2.2.tgz 292ms (cache miss)
221 http fetch GET 200 https://registry.npmjs.org/@tailwindcss/oxide/-/oxide-4.2.2.tgz 297ms (cache miss)
222 http fetch GET 200 https://registry.npmjs.org/@tailwindcss/vite/-/vite-4.2.2.tgz 309ms (cache miss)
223 http fetch GET 200 https://registry.npmjs.org/@emnapi/wasi-threads/-/wasi-threads-1.2.1.tgz 320ms (cache miss)
224 http fetch GET 200 https://registry.npmjs.org/@tailwindcss/node/-/node-4.2.2.tgz 324ms (cache miss)
225 http fetch GET 200 https://registry.npmjs.org/@emnapi/core/-/core-1.9.2.tgz 324ms (cache miss)
226 http fetch GET 200 https://registry.npmjs.org/@tybys/wasm-util/-/wasm-util-0.10.1.tgz 332ms (cache miss)
227 http fetch GET 200 https://registry.npmjs.org/@emnapi/runtime/-/runtime-1.9.2.tgz 739ms (cache miss)
228 http fetch GET 200 https://registry.npmjs.org/@napi-rs/wasm-runtime/-/wasm-runtime-1.1.3.tgz 792ms (cache miss)
229 silly ADD node_modules/tapable
230 silly ADD node_modules/graceful-fs
231 silly ADD node_modules/@tailwindcss/oxide-darwin-arm64
232 silly ADD node_modules/magic-string
233 silly ADD node_modules/jiti
234 silly ADD node_modules/enhanced-resolve
235 silly ADD node_modules/@tailwindcss/oxide
236 silly ADD node_modules/@tailwindcss/node
237 silly ADD node_modules/tailwindcss
238 silly ADD node_modules/@tailwindcss/vite
239 silly ADD node_modules/fsevents
240 silly ADD node_modules/@tybys/wasm-util
241 silly ADD node_modules/@napi-rs/wasm-runtime
242 silly ADD node_modules/@emnapi/wasi-threads
243 silly ADD node_modules/@emnapi/runtime
244 silly ADD node_modules/@emnapi/core
245 verbose cwd /Users/mb/Desktop/OSINT/app
246 verbose os Darwin 25.5.0
247 verbose node v24.14.1
248 verbose npm  v11.11.0
249 verbose exit 0
250 info ok
